Determining if the pthread_create exist failed with the following output:
Change Dir: /home/ayush/grid_ws/build/CMakeFiles/CMakeTmp

Run Build Command:"/usr/bin/make" "cmTC_068ce/fast"
/usr/bin/make -f CMakeFiles/cmTC_068ce.dir/build.make CMakeFiles/cmTC_068ce.dir/build
make[1]: Entering directory '/home/ayush/grid_ws/build/CMakeFiles/CMakeTmp'
Building C object CMakeFiles/cmTC_068ce.dir/CheckSymbolExists.c.o
/usr/bin/cc    -o CMakeFiles/cmTC_068ce.dir/CheckSymbolExists.c.o   -c /home/ayush/grid_ws/build/CMakeFiles/CMakeTmp/CheckSymbolExists.c
Linking C executable cmTC_068ce
/usr/bin/cmake -E cmake_link_script CMakeFiles/cmTC_068ce.dir/link.txt --verbose=1
/usr/bin/cc      -rdynamic CMakeFiles/cmTC_068ce.dir/CheckSymbolExists.c.o  -o cmTC_068ce 
CMakeFiles/cmTC_068ce.dir/CheckSymbolExists.c.o: In function `main':
CheckSymbolExists.c:(.text+0x1b): undefined reference to `pthread_create'
collect2: error: ld returned 1 exit status
CMakeFiles/cmTC_068ce.dir/build.make:97: recipe for target 'cmTC_068ce' failed
make[1]: *** [cmTC_068ce] Error 1
make[1]: Leaving directory '/home/ayush/grid_ws/build/CMakeFiles/CMakeTmp'
Makefile:126: recipe for target 'cmTC_068ce/fast' failed
make: *** [cmTC_068ce/fast] Error 2

File /home/ayush/grid_ws/build/CMakeFiles/CMakeTmp/CheckSymbolExists.c:
/* */
#include <pthread.h>

int main(int argc, char** argv)
{
  (void)argv;
#ifndef pthread_create
  return ((int*)(&pthread_create))[argc];
#else
  (void)argc;
  return 0;
#endif
}

Determining if the function pthread_create exists in the pthreads failed with the following output:
Change Dir: /home/ayush/grid_ws/build/CMakeFiles/CMakeTmp

Run Build Command:"/usr/bin/make" "cmTC_5ff65/fast"
/usr/bin/make -f CMakeFiles/cmTC_5ff65.dir/build.make CMakeFiles/cmTC_5ff65.dir/build
make[1]: Entering directory '/home/ayush/grid_ws/build/CMakeFiles/CMakeTmp'
Building C object CMakeFiles/cmTC_5ff65.dir/CheckFunctionExists.c.o
/usr/bin/cc   -DCHECK_FUNCTION_EXISTS=pthread_create   -o CMakeFiles/cmTC_5ff65.dir/CheckFunctionExists.c.o   -c /usr/share/cmake-3.10/Modules/CheckFunctionExists.c
Linking C executable cmTC_5ff65
/usr/bin/cmake -E cmake_link_script CMakeFiles/cmTC_5ff65.dir/link.txt --verbose=1
/usr/bin/cc  -DCHECK_FUNCTION_EXISTS=pthread_create    -rdynamic CMakeFiles/cmTC_5ff65.dir/CheckFunctionExists.c.o  -o cmTC_5ff65 -lpthreads 
/usr/bin/ld: cannot find -lpthreads
collect2: error: ld returned 1 exit status
CMakeFiles/cmTC_5ff65.dir/build.make:97: recipe for target 'cmTC_5ff65' failed
make[1]: *** [cmTC_5ff65] Error 1
make[1]: Leaving directory '/home/ayush/grid_ws/build/CMakeFiles/CMakeTmp'
Makefile:126: recipe for target 'cmTC_5ff65/fast' failed
make: *** [cmTC_5ff65/fast] Error 2


